\BOOKMARK [1][-]{section.1}{\376\377\000R\000e\000s\000u\000m\000o}{}% 1
\BOOKMARK [1][-]{section.2}{\376\377\000I\000n\000t\000r\000o\000d\000u\000c\000i\000\363\000n}{}% 2
\BOOKMARK [2][-]{subsection.2.1}{\376\377\000O\000b\000x\000e\000c\000t\000i\000v\000o\000s\000\040\000x\000e\000r\000a\000i\000s}{section.2}% 3
\BOOKMARK [2][-]{subsection.2.2}{\376\377\000R\000e\000l\000a\000c\000i\000\363\000n\000\040\000d\000a\000\040\000d\000o\000c\000u\000m\000e\000n\000t\000a\000c\000i\000\363\000n\000\040\000q\000u\000e\000\040\000c\000o\000n\000f\000o\000r\000m\000a\000\040\000a\000\040\000m\000e\000m\000o\000r\000i\000a}{section.2}% 4
\BOOKMARK [2][-]{subsection.2.3}{\376\377\000D\000e\000s\000c\000r\000i\000c\000i\000\363\000n\000\040\000d\000o\000\040\000s\000i\000s\000t\000e\000m\000a}{section.2}% 5
\BOOKMARK [2][-]{subsection.2.4}{\376\377\000I\000n\000f\000o\000r\000m\000a\000c\000i\000\363\000n\000\040\000a\000d\000i\000c\000i\000o\000n\000a\000l\000\040\000d\000e\000\040\000i\000n\000t\000e\000r\000e\000s\000e}{section.2}% 6
\BOOKMARK [1][-]{section.3}{\376\377\000E\000s\000p\000e\000c\000i\000f\000i\000c\000a\000c\000i\000\363\000n\000\040\000d\000e\000\040\000R\000e\000q\000u\000i\000s\000i\000t\000o\000s}{}% 7
\BOOKMARK [2][-]{subsection.3.1}{\376\377\000D\000e\000s\000c\000r\000i\000c\000i\000\363\000n\000\040\000x\000e\000r\000a\000l}{section.3}% 8
\BOOKMARK [3][-]{subsubsection.3.1.1}{\376\377\000P\000e\000r\000s\000p\000e\000c\000t\000i\000v\000a\000\040\000d\000o\000\040\000p\000r\000o\000d\000u\000t\000o}{subsection.3.1}% 9
\BOOKMARK [3][-]{subsubsection.3.1.2}{\376\377\000F\000u\000n\000c\000i\000o\000n\000a\000l\000i\000d\000a\000d\000e\000\040\000d\000o\000\040\000p\000r\000o\000d\000u\000t\000o}{subsection.3.1}% 10
\BOOKMARK [3][-]{subsubsection.3.1.3}{\376\377\000C\000a\000r\000a\000c\000t\000e\000r\000\355\000s\000t\000i\000c\000a\000s\000\040\000d\000o\000s\000\040\000u\000s\000u\000a\000r\000i\000o\000s}{subsection.3.1}% 11
\BOOKMARK [3][-]{subsubsection.3.1.4}{\376\377\000R\000e\000s\000t\000r\000i\000c\000i\000\363\000n\000s}{subsection.3.1}% 12
\BOOKMARK [3][-]{subsubsection.3.1.5}{\376\377\000S\000u\000p\000o\000s\000i\000c\000i\000\363\000n\000s\000\040\000e\000\040\000d\000e\000p\000e\000n\000d\000e\000n\000c\000i\000a\000s}{subsection.3.1}% 13
\BOOKMARK [2][-]{subsection.3.2}{\376\377\000I\000n\000t\000e\000r\000f\000a\000c\000e\000s\000\040\000c\000o\000n\000\040\000o\000u\000t\000r\000o\000s\000\040\000s\000i\000s\000t\000e\000m\000a\000s}{section.3}% 14
\BOOKMARK [3][-]{subsubsection.3.2.1}{\376\377\000I\000n\000t\000e\000r\000f\000a\000c\000e\000\040\000d\000e\000\040\000u\000s\000u\000a\000r\000i\000o}{subsection.3.2}% 15
\BOOKMARK [3][-]{subsubsection.3.2.2}{\376\377\000I\000n\000t\000e\000r\000f\000a\000c\000e\000s\000\040\000d\000e\000\040\000h\000a\000r\000d\000w\000a\000r\000e}{subsection.3.2}% 16
\BOOKMARK [3][-]{subsubsection.3.2.3}{\376\377\000I\000n\000t\000e\000r\000f\000a\000c\000e\000s\000\040\000d\000e\000\040\000s\000o\000f\000t\000w\000a\000r\000e}{subsection.3.2}% 17
\BOOKMARK [3][-]{subsubsection.3.2.4}{\376\377\000I\000n\000t\000e\000r\000f\000a\000c\000e\000s\000\040\000d\000e\000\040\000c\000o\000m\000u\000n\000i\000c\000a\000c\000i\000\363\000n}{subsection.3.2}% 18
\BOOKMARK [2][-]{subsection.3.3}{\376\377\000R\000e\000q\000u\000i\000s\000i\000t\000o\000s\000\040\000f\000u\000n\000c\000i\000o\000n\000a\000i\000s}{section.3}% 19
\BOOKMARK [2][-]{subsection.3.4}{\376\377\000C\000a\000s\000o\000s\000\040\000d\000e\000\040\000u\000s\000o}{section.3}% 20
\BOOKMARK [2][-]{subsection.3.5}{\376\377\000R\000e\000q\000u\000i\000s\000i\000t\000o\000s\000\040\000n\000o\000n\000\040\000f\000u\000n\000c\000i\000o\000n\000a\000i\000s}{section.3}% 21
\BOOKMARK [3][-]{subsubsection.3.5.1}{\376\377\000S\000e\000g\000u\000r\000i\000d\000a\000d\000e}{subsection.3.5}% 22
\BOOKMARK [3][-]{subsubsection.3.5.2}{\376\377\000P\000r\000i\000v\000a\000c\000i\000d\000a\000d\000e\000\040\000e\000\040\000p\000r\000o\000t\000e\000c\000c\000i\000\363\000n\000\040\000d\000e\000\040\000d\000a\000t\000o\000s}{subsection.3.5}% 23
\BOOKMARK [3][-]{subsubsection.3.5.3}{\376\377\000R\000e\000n\000d\000e\000m\000e\000n\000t\000o}{subsection.3.5}% 24
\BOOKMARK [3][-]{subsubsection.3.5.4}{\376\377\000U\000s\000a\000b\000i\000l\000i\000d\000a\000d\000e}{subsection.3.5}% 25
\BOOKMARK [3][-]{subsubsection.3.5.5}{\376\377\000M\000a\000n\000t\000i\000b\000i\000l\000i\000d\000a\000d\000e}{subsection.3.5}% 26
\BOOKMARK [3][-]{subsubsection.3.5.6}{\376\377\000P\000o\000r\000t\000a\000b\000i\000l\000i\000d\000a\000d\000e\000\040\000e\000\040\000d\000e\000s\000p\000r\000e\000g\000a\000m\000e\000n\000t\000o}{subsection.3.5}% 27
\BOOKMARK [3][-]{subsubsection.3.5.7}{\376\377\000I\000n\000t\000e\000r\000o\000p\000e\000r\000a\000b\000i\000l\000i\000d\000a\000d\000e}{subsection.3.5}% 28
\BOOKMARK [3][-]{subsubsection.3.5.8}{\376\377\000F\000i\000a\000b\000i\000l\000i\000d\000a\000d\000e}{subsection.3.5}% 29
\BOOKMARK [2][-]{subsection.3.6}{\376\377\000I\000n\000f\000o\000r\000m\000a\000c\000i\000\363\000n\000\040\000q\000u\000e\000\040\000o\000\040\000s\000i\000s\000t\000e\000m\000a\000\040\000d\000e\000b\000e\000\040\000a\000l\000m\000a\000c\000e\000n\000a\000r}{section.3}% 30
\BOOKMARK [1][-]{section.4}{\376\377\000D\000e\000s\000e\000\361\000o}{}% 31
\BOOKMARK [2][-]{subsection.4.1}{\376\377\000A\000r\000q\000u\000i\000t\000e\000c\000t\000u\000r\000a\000\040\000x\000e\000r\000a\000l\000\040\000d\000o\000\040\000s\000i\000s\000t\000e\000m\000a}{section.4}% 32
\BOOKMARK [2][-]{subsection.4.2}{\376\377\000A\000r\000q\000u\000i\000t\000e\000c\000t\000u\000r\000a\000\040\000d\000o\000\040\000b\000a\000c\000k\000e\000n\000d}{section.4}% 33
\BOOKMARK [2][-]{subsection.4.3}{\376\377\000M\000o\000d\000e\000l\000o\000\040\000d\000e\000\040\000d\000a\000t\000o\000s}{section.4}% 34
\BOOKMARK [2][-]{subsection.4.4}{\376\377\000D\000e\000s\000e\000\361\000o\000\040\000d\000a\000\040\000A\000P\000I\000\040\000R\000E\000S\000T}{section.4}% 35
\BOOKMARK [2][-]{subsection.4.5}{\376\377\000A\000r\000q\000u\000i\000t\000e\000c\000t\000u\000r\000a\000\040\000d\000o\000\040\000f\000r\000o\000n\000t\000e\000n\000d}{section.4}% 36
\BOOKMARK [2][-]{subsection.4.6}{\376\377\000F\000l\000u\000x\000o\000s\000\040\000d\000e\000\040\000c\000o\000m\000u\000n\000i\000c\000a\000c\000i\000\363\000n\000\040\000e\000n\000t\000r\000e\000\040\000c\000o\000m\000p\000o\000\361\000e\000n\000t\000e\000s}{section.4}% 37
\BOOKMARK [3][-]{subsubsection.4.6.1}{\376\377\000A\000u\000t\000e\000n\000t\000i\000c\000a\000c\000i\000\363\000n\000\040\000e\000\040\000r\000e\000n\000o\000v\000a\000c\000i\000\363\000n\000\040\000d\000e\000\040\000t\000o\000k\000e\000n\000s}{subsection.4.6}% 38
\BOOKMARK [3][-]{subsubsection.4.6.2}{\376\377\000C\000h\000a\000t\000\040\000d\000e\000\040\000g\000r\000u\000p\000o\000\040\000e\000n\000\040\000t\000e\000m\000p\000o\000\040\000r\000e\000a\000l\000\040\000\050\000S\000S\000E\000\051}{subsection.4.6}% 39
\BOOKMARK [3][-]{subsubsection.4.6.3}{\376\377\000S\000u\000b\000i\000d\000a\000\040\000d\000e\000\040\000d\000o\000c\000u\000m\000e\000n\000t\000o\000s\000\040\000c\000o\000n\000\040\000U\000R\000L\000\040\000p\000r\000e\000f\000i\000r\000m\000a\000d\000a}{subsection.4.6}% 40
\BOOKMARK [3][-]{subsubsection.4.6.4}{\376\377\000A\000s\000i\000s\000t\000e\000n\000t\000e\000\040\000d\000e\000\040\000I\000A\000\040\000e\000n\000\040\000s\000t\000r\000e\000a\000m\000i\000n\000g}{subsection.4.6}% 41
\BOOKMARK [2][-]{subsection.4.7}{\376\377\000S\000e\000g\000u\000r\000i\000d\000a\000d\000e}{section.4}% 42
\BOOKMARK [2][-]{subsection.4.8}{\376\377\000I\000n\000t\000e\000g\000r\000a\000c\000i\000\363\000n\000\040\000c\000o\000n\000\040\000s\000e\000r\000v\000i\000z\000o\000s\000\040\000e\000x\000t\000e\000r\000n\000o\000s}{section.4}% 43
\BOOKMARK [2][-]{subsection.4.9}{\376\377\000E\000q\000u\000i\000p\000a\000m\000e\000n\000t\000o\000\040\000h\000a\000r\000d\000w\000a\000r\000e\000\040\000e\000\040\000s\000o\000f\000t\000w\000a\000r\000e}{section.4}% 44
\BOOKMARK [1][-]{section.5}{\376\377\000P\000r\000o\000b\000a\000s}{}% 45
\BOOKMARK [2][-]{subsection.5.1}{\376\377\000E\000s\000t\000r\000a\000t\000e\000x\000i\000a\000\040\000d\000e\000\040\000p\000r\000o\000b\000a\000s}{section.5}% 46
\BOOKMARK [2][-]{subsection.5.2}{\376\377\000P\000r\000o\000b\000a\000s\000\040\000a\000u\000t\000o\000m\000a\000t\000i\000z\000a\000d\000a\000s\000\040\000d\000o\000\040\000b\000a\000c\000k\000e\000n\000d}{section.5}% 47
\BOOKMARK [2][-]{subsection.5.3}{\376\377\000V\000a\000l\000i\000d\000a\000c\000i\000\363\000n\000\040\000f\000u\000n\000c\000i\000o\000n\000a\000l\000\040\000d\000o\000\040\000s\000i\000s\000t\000e\000m\000a}{section.5}% 48
\BOOKMARK [2][-]{subsection.5.4}{\376\377\000R\000e\000s\000u\000l\000t\000a\000d\000o\000s\000\040\000a\000c\000a\000d\000a\000d\000o\000s}{section.5}% 49
\BOOKMARK [1][-]{section.6}{\376\377\000C\000o\000n\000c\000l\000u\000s\000i\000\363\000n\000s\000\040\000e\000\040\000P\000o\000s\000i\000b\000l\000e\000s\000\040\000A\000m\000p\000l\000i\000a\000c\000i\000\363\000n\000s}{}% 50
\BOOKMARK [2][-]{subsection.6.1}{\376\377\000G\000r\000a\000o\000\040\000d\000e\000\040\000c\000u\000m\000p\000r\000i\000m\000e\000n\000t\000o\000\040\000d\000o\000s\000\040\000o\000b\000x\000e\000c\000t\000i\000v\000o\000s}{section.6}% 51
\BOOKMARK [2][-]{subsection.6.2}{\376\377\000V\000a\000l\000o\000r\000a\000c\000i\000\363\000n\000\040\000t\000\351\000c\000n\000i\000c\000a}{section.6}% 52
\BOOKMARK [2][-]{subsection.6.3}{\376\377\000P\000o\000s\000i\000b\000l\000e\000s\000\040\000a\000m\000p\000l\000i\000a\000c\000i\000\363\000n\000s}{section.6}% 53
\BOOKMARK [1][-]{subsection.6.3}{\376\377\000B\000i\000b\000l\000i\000o\000g\000r\000a\000f\000\355\000a}{}% 54
\BOOKMARK [1][-]{appendix.Alph1}{\376\377\000M\000a\000n\000u\000a\000l\000\040\000t\000\351\000c\000n\000i\000c\000o}{}% 55
\BOOKMARK [2][-]{subsection.Alph1.1}{\376\377\000R\000e\000q\000u\000i\000s\000i\000t\000o\000s\000\040\000d\000o\000\040\000e\000n\000t\000o\000r\000n\000o}{appendix.Alph1}% 56
\BOOKMARK [2][-]{subsection.Alph1.2}{\376\377\000E\000s\000t\000r\000u\000t\000u\000r\000a\000\040\000d\000o\000\040\000r\000e\000p\000o\000s\000i\000t\000o\000r\000i\000o}{appendix.Alph1}% 57
\BOOKMARK [2][-]{subsection.Alph1.3}{\376\377\000S\000e\000r\000v\000i\000z\000o\000s\000\040\000d\000e\000\040\000a\000p\000o\000i\000o\000\040\000\050\000P\000o\000d\000m\000a\000n\000\051}{appendix.Alph1}% 58
\BOOKMARK [2][-]{subsection.Alph1.4}{\376\377\000E\000x\000e\000c\000u\000c\000i\000\363\000n\000\040\000d\000o\000\040\000b\000a\000c\000k\000e\000n\000d}{appendix.Alph1}% 59
\BOOKMARK [2][-]{subsection.Alph1.5}{\376\377\000E\000x\000e\000c\000u\000c\000i\000\363\000n\000\040\000d\000o\000\040\000f\000r\000o\000n\000t\000e\000n\000d}{appendix.Alph1}% 60
\BOOKMARK [2][-]{subsection.Alph1.6}{\376\377\000C\000o\000n\000t\000r\000a\000t\000o\000\040\000O\000p\000e\000n\000A\000P\000I\000\040\000e\000\040\000x\000e\000r\000a\000c\000i\000\363\000n\000\040\000d\000e\000\040\000c\000\363\000d\000i\000g\000o}{appendix.Alph1}% 61
\BOOKMARK [2][-]{subsection.Alph1.7}{\376\377\000E\000x\000e\000c\000u\000c\000i\000\363\000n\000\040\000d\000a\000s\000\040\000p\000r\000o\000b\000a\000s}{appendix.Alph1}% 62
\BOOKMARK [2][-]{subsection.Alph1.8}{\376\377\000C\000o\000n\000f\000i\000g\000u\000r\000a\000c\000i\000\363\000n\000\040\000e\000\040\000s\000e\000g\000r\000e\000d\000o\000s}{appendix.Alph1}% 63
\BOOKMARK [2][-]{subsection.Alph1.9}{\376\377\000I\000n\000t\000e\000g\000r\000a\000c\000i\000\363\000n\000\040\000c\000o\000n\000t\000i\000n\000u\000a}{appendix.Alph1}% 64
\BOOKMARK [1][-]{appendix.Alph2}{\376\377\000M\000a\000n\000u\000a\000l\000\040\000d\000e\000\040\000u\000s\000u\000a\000r\000i\000o}{}% 65
\BOOKMARK [2][-]{subsection.Alph2.1}{\376\377\000I\000n\000s\000t\000a\000l\000a\000c\000i\000\363\000n\000\040\000e\000\040\000a\000c\000c\000e\000s\000o}{appendix.Alph2}% 66
\BOOKMARK [2][-]{subsection.Alph2.2}{\376\377\000R\000e\000x\000i\000s\000t\000r\000o\000\040\000e\000\040\000i\000n\000i\000c\000i\000o\000\040\000d\000e\000\040\000s\000e\000s\000i\000\363\000n}{appendix.Alph2}% 67
\BOOKMARK [2][-]{subsection.Alph2.3}{\376\377\000P\000a\000n\000t\000a\000l\000l\000a\000\040\000p\000r\000i\000n\000c\000i\000p\000a\000l\000:\000\040\000a\000s\000\040\000m\000i\000\361\000a\000s\000\040\000v\000i\000a\000x\000e\000s}{appendix.Alph2}% 68
\BOOKMARK [2][-]{subsection.Alph2.4}{\376\377\000C\000r\000e\000a\000r\000\040\000e\000\040\000u\000n\000i\000r\000s\000e\000\040\000a\000\040\000v\000i\000a\000x\000e\000s}{appendix.Alph2}% 69
\BOOKMARK [2][-]{subsection.Alph2.5}{\376\377\000X\000e\000s\000t\000i\000\363\000n\000\040\000d\000e\000\040\000m\000e\000m\000b\000r\000o\000s}{appendix.Alph2}% 70
\BOOKMARK [2][-]{subsection.Alph2.6}{\376\377\000G\000a\000s\000t\000o\000s\000\040\000e\000\040\000l\000i\000q\000u\000i\000d\000a\000c\000i\000\363\000n\000s}{appendix.Alph2}% 71
\BOOKMARK [2][-]{subsection.Alph2.7}{\376\377\000E\000v\000e\000n\000t\000o\000s\000\040\000e\000\040\000c\000a\000l\000e\000n\000d\000a\000r\000i\000o}{appendix.Alph2}% 72
\BOOKMARK [2][-]{subsection.Alph2.8}{\376\377\000D\000o\000c\000u\000m\000e\000n\000t\000o\000s\000\040\000c\000o\000m\000p\000a\000r\000t\000i\000d\000o\000s}{appendix.Alph2}% 73
\BOOKMARK [2][-]{subsection.Alph2.9}{\376\377\000C\000h\000a\000t\000\040\000d\000e\000\040\000g\000r\000u\000p\000o}{appendix.Alph2}% 74
\BOOKMARK [2][-]{subsection.Alph2.10}{\376\377\000A\000s\000i\000s\000t\000e\000n\000t\000e\000\040\000d\000e\000\040\000i\000n\000t\000e\000l\000i\000x\000e\000n\000c\000i\000a\000\040\000a\000r\000t\000i\000f\000i\000c\000i\000a\000l}{appendix.Alph2}% 75
\BOOKMARK [2][-]{subsection.Alph2.11}{\376\377\000A\000m\000i\000z\000a\000d\000e\000s}{appendix.Alph2}% 76
\BOOKMARK [2][-]{subsection.Alph2.12}{\376\377\000P\000e\000r\000f\000i\000l\000\040\000e\000\040\000a\000x\000u\000s\000t\000e\000s}{appendix.Alph2}% 77
\BOOKMARK [2][-]{subsection.Alph2.13}{\376\377\000E\000l\000i\000m\000i\000n\000a\000c\000i\000\363\000n\000\040\000d\000a\000\040\000c\000o\000n\000t\000a}{appendix.Alph2}% 78
\BOOKMARK [2][-]{subsection.Alph2.14}{\376\377\000M\000e\000n\000s\000a\000x\000e\000s\000\040\000d\000e\000\040\000e\000r\000r\000o\000\040\000c\000o\000m\000\372\000n\000s}{appendix.Alph2}% 79
