This is pdfTeX, Version 3.141592653-2.6-1.40.25 (TeX Live 2023/Debian) (preloaded format=pdflatex 2026.2.10)  23 JUN 2026 05:00
entering extended mode
 restricted \write18 enabled.
 file:line:error style messages enabled.
 %&-line parsing enabled.
**/home/jorge/Documentos/universidad/cuarto/tfg/memoria/memoria.tex
(/home/jorge/Documentos/universidad/cuarto/tfg/memoria/memoria.tex
LaTeX2e <2023-11-01> patch level 1
L3 programming layer <2024-01-22>
(/usr/share/texlive/texmf-dist/tex/latex/base/book.cls
Document Class: book 2023/05/17 v1.4n Standard LaTeX document class
(/usr/share/texlive/texmf-dist/tex/latex/base/bk12.clo
File: bk12.clo 2023/05/17 v1.4n Standard LaTeX file (size option)
)
\c@part=\count187
\c@chapter=\count188
\c@section=\count189
\c@subsection=\count190
\c@subsubsection=\count191
\c@paragraph=\count192
\c@subparagraph=\count193
\c@figure=\count194
\c@table=\count195
\abovecaptionskip=\skip48
\belowcaptionskip=\skip49
\bibindent=\dimen140
) (/usr/share/texlive/texmf-dist/tex/generic/babel/babel.sty
Package: babel 2024/01/07 v24.1 The Babel package
\babel@savecnt=\count196
\U@D=\dimen141
\l@unhyphenated=\language8
 (/usr/share/texlive/texmf-dist/tex/generic/babel/txtbabel.def)
\bbl@readstream=\read2
\bbl@dirlevel=\count197
 (/usr/share/texlive/texmf-dist/tex/generic/babel-galician/galician.ldf
Language: galician.ldf 2008/07/06 v4.3c Galician support from the babel system
\gl@quottoks=\toks17
\gl@quotdepth=\count198
Package babel Info: Making . an active character on input line 533.
Package babel Info: Making " an active character on input line 564.
Package babel Info: Making < an active character on input line 656.
Package babel Info: Making > an active character on input line 657.
)) (/usr/share/texlive/texmf-dist/tex/generic/babel/locale/gl/babel-galician.tex
Package babel Info: Importing font and identification data for galician
(babel)             from babel-gl.ini. Reported on input line 11.
) (/usr/share/texlive/texmf-dist/tex/latex/geometry/geometry.sty
Package: geometry 2020/01/02 v5.9 Page Geometry
 (/usr/share/texlive/texmf-dist/tex/latex/graphics/keyval.sty
Package: keyval 2022/05/29 v1.15 key=value parser (DPC)
\KV@toks@=\toks18
) (/usr/share/texlive/texmf-dist/tex/generic/iftex/ifvtex.sty
Package: ifvtex 2019/10/25 v1.7 ifvtex legacy package. Use iftex instead.
 (/usr/share/texlive/texmf-dist/tex/generic/iftex/iftex.sty
Package: iftex 2022/02/03 v1.0f TeX engine tests
))
\Gm@cnth=\count199
\Gm@cntv=\count266
\c@Gm@tempcnt=\count267
\Gm@bindingoffset=\dimen142
\Gm@wd@mp=\dimen143
\Gm@odd@mp=\dimen144
\Gm@even@mp=\dimen145
\Gm@layoutwidth=\dimen146
\Gm@layoutheight=\dimen147
\Gm@layouthoffset=\dimen148
\Gm@layoutvoffset=\dimen149
\Gm@dimlist=\toks19
) (/usr/share/texlive/texmf-dist/tex/latex/hyperref/hyperref.sty
Package: hyperref 2024-01-20 v7.01h Hypertext links for LaTeX
 (/usr/share/texlive/texmf-dist/tex/latex/kvsetkeys/kvsetkeys.sty
Package: kvsetkeys 2022-10-05 v1.19 Key value parser (HO)
) (/usr/share/texlive/texmf-dist/tex/generic/kvdefinekeys/kvdefinekeys.sty
Package: kvdefinekeys 2019-12-19 v1.6 Define keys (HO)
) (/usr/share/texlive/texmf-dist/tex/generic/pdfescape/pdfescape.sty
Package: pdfescape 2019/12/09 v1.15 Implements pdfTeX's escape features (HO)
 (/usr/share/texlive/texmf-dist/tex/generic/ltxcmds/ltxcmds.sty
Package: ltxcmds 2023-12-04 v1.26 LaTeX kernel commands for general use (HO)
) (/usr/share/texlive/texmf-dist/tex/generic/pdftexcmds/pdftexcmds.sty
Package: pdftexcmds 2020-06-27 v0.33 Utility functions of pdfTeX for LuaTeX (HO)
 (/usr/share/texlive/texmf-dist/tex/generic/infwarerr/infwarerr.sty
Package: infwarerr 2019/12/03 v1.5 Providing info/warning/error messages (HO)
)
Package pdftexcmds Info: \pdf@primitive is available.
Package pdftexcmds Info: \pdf@ifprimitive is available.
Package pdftexcmds Info: \pdfdraftmode found.
)) (/usr/share/texlive/texmf-dist/tex/latex/hycolor/hycolor.sty
Package: hycolor 2020-01-27 v1.10 Color options for hyperref/bookmark (HO)
) (/usr/share/texlive/texmf-dist/tex/latex/auxhook/auxhook.sty
Package: auxhook 2019-12-17 v1.6 Hooks for auxiliary files (HO)
) (/usr/share/texlive/texmf-dist/tex/latex/hyperref/nameref.sty
Package: nameref 2023-11-26 v2.56 Cross-referencing by name of section
 (/usr/share/texlive/texmf-dist/tex/latex/refcount/refcount.sty
Package: refcount 2019/12/15 v3.6 Data extraction from label references (HO)
) (/usr/share/texlive/texmf-dist/tex/generic/gettitlestring/gettitlestring.sty
Package: gettitlestring 2019/12/15 v1.6 Cleanup title references (HO)
 (/usr/share/texlive/texmf-dist/tex/latex/kvoptions/kvoptions.sty
Package: kvoptions 2022-06-15 v3.15 Key value format for package options (HO)
))
\c@section@level=\count268
) (/usr/share/texlive/texmf-dist/tex/latex/etoolbox/etoolbox.sty
Package: etoolbox 2020/10/05 v2.5k e-TeX tools for LaTeX (JAW)
\etb@tempcnta=\count269
)
\@linkdim=\dimen150
\Hy@linkcounter=\count270
\Hy@pagecounter=\count271
 (/usr/share/texlive/texmf-dist/tex/latex/hyperref/pd1enc.def
File: pd1enc.def 2024-01-20 v7.01h Hyperref: PDFDocEncoding definition (HO)
Now handling font encoding PD1 ...
... no UTF-8 mapping file for font encoding PD1
) (/usr/share/texlive/texmf-dist/tex/generic/intcalc/intcalc.sty
Package: intcalc 2019/12/15 v1.3 Expandable calculations with integers (HO)
)
\Hy@SavedSpaceFactor=\count272
 (/usr/share/texlive/texmf-dist/tex/latex/hyperref/puenc.def
File: puenc.def 2024-01-20 v7.01h Hyperref: PDF Unicode definition (HO)
Now handling font encoding PU ...
... no UTF-8 mapping file for font encoding PU
)
Package hyperref Info: Option `colorlinks' set `true' on input line 4062.
Package hyperref Info: Hyper figures OFF on input line 4179.
Package hyperref Info: Link nesting OFF on input line 4184.
Package hyperref Info: Hyper index ON on input line 4187.
Package hyperref Info: Plain pages OFF on input line 4194.
Package hyperref Info: Backreferencing OFF on input line 4199.
Package hyperref Info: Implicit mode ON; LaTeX internals redefined.
Package hyperref Info: Bookmarks ON on input line 4446.
\c@Hy@tempcnt=\count273
 (/usr/share/texlive/texmf-dist/tex/latex/url/url.sty
\Urlmuskip=\muskip16
Package: url 2013/09/16  ver 3.4  Verb mode for urls, etc.
)
LaTeX Info: Redefining \url on input line 4784.
\XeTeXLinkMargin=\dimen151
 (/usr/share/texlive/texmf-dist/tex/generic/bitset/bitset.sty
Package: bitset 2019/12/09 v1.3 Handle bit-vector datatype (HO)
 (/usr/share/texlive/texmf-dist/tex/generic/bigintcalc/bigintcalc.sty
Package: bigintcalc 2019/12/15 v1.5 Expandable calculations on big integers (HO)
))
\Fld@menulength=\count274
\Field@Width=\dimen152
\Fld@charsize=\dimen153
Package hyperref Info: Hyper figures OFF on input line 6063.
Package hyperref Info: Link nesting OFF on input line 6068.
Package hyperref Info: Hyper index ON on input line 6071.
Package hyperref Info: backreferencing OFF on input line 6078.
Package hyperref Info: Link coloring ON on input line 6081.
Package hyperref Info: Link coloring with OCG OFF on input line 6088.
Package hyperref Info: PDF/A mode OFF on input line 6093.
 (/usr/share/texlive/texmf-dist/tex/latex/base/atbegshi-ltx.sty
Package: atbegshi-ltx 2021/01/10 v1.0c Emulation of the original atbegshi
package with kernel methods
)
\Hy@abspage=\count275
\c@Item=\count276
\c@Hfootnote=\count277
)
Package hyperref Info: Driver (autodetected): hpdftex.
 (/usr/share/texlive/texmf-dist/tex/latex/hyperref/hpdftex.def
File: hpdftex.def 2024-01-20 v7.01h Hyperref driver for pdfTeX
 (/usr/share/texlive/texmf-dist/tex/latex/base/atveryend-ltx.sty
Package: atveryend-ltx 2020/08/19 v1.0a Emulation of the original atveryend package
with kernel methods
)
\Fld@listcount=\count278
\c@bookmark@seq@number=\count279
 (/usr/share/texlive/texmf-dist/tex/latex/rerunfilecheck/rerunfilecheck.sty
Package: rerunfilecheck 2022-07-10 v1.10 Rerun checks for auxiliary files (HO)
 (/usr/share/texlive/texmf-dist/tex/generic/uniquecounter/uniquecounter.sty
Package: uniquecounter 2019/12/15 v1.4 Provide unlimited unique counter (HO)
)
Package uniquecounter Info: New unique counter `rerunfilecheck' on input line 285.
)
\Hy@SectionHShift=\skip50
) (/usr/share/texlive/texmf-dist/tex/latex/base/fontenc.sty
Package: fontenc 2021/04/29 v2.0v Standard LaTeX package
) (/usr/share/texlive/texmf-dist/tex/latex/titlesec/titlesec.sty
Package: titlesec 2023/10/27 v2.16 Sectioning titles
\ttl@box=\box51
\beforetitleunit=\skip51
\aftertitleunit=\skip52
\ttl@plus=\dimen154
\ttl@minus=\dimen155
\ttl@toksa=\toks20
\titlewidth=\dimen156
\titlewidthlast=\dimen157
\titlewidthfirst=\dimen158
) (/usr/share/texlive/texmf-dist/tex/latex/booktabs/booktabs.sty
Package: booktabs 2020/01/12 v1.61803398 Publication quality tables
\heavyrulewidth=\dimen159
\lightrulewidth=\dimen160
\cmidrulewidth=\dimen161
\belowrulesep=\dimen162
\belowbottomsep=\dimen163
\aboverulesep=\dimen164
\abovetopsep=\dimen165
\cmidrulesep=\dimen166
\cmidrulekern=\dimen167
\defaultaddspace=\dimen168
\@cmidla=\count280
\@cmidlb=\count281
\@aboverulesep=\dimen169
\@belowrulesep=\dimen170
\@thisruleclass=\count282
\@lastruleclass=\count283
\@thisrulewidth=\dimen171
) (/usr/share/texlive/texmf-dist/tex/latex/tools/tabularx.sty
Package: tabularx 2023/07/08 v2.11c `tabularx' package (DPC)
 (/usr/share/texlive/texmf-dist/tex/latex/tools/array.sty
Package: array 2023/10/16 v2.5g Tabular extension package (FMi)
\col@sep=\dimen172
\ar@mcellbox=\box52
\extrarowheight=\dimen173
\NC@list=\toks21
\extratabsurround=\skip53
\backup@length=\skip54
\ar@cellbox=\box53
)
\TX@col@width=\dimen174
\TX@old@table=\dimen175
\TX@old@col=\dimen176
\TX@target=\dimen177
\TX@delta=\dimen178
\TX@cols=\count284
\TX@ftn=\toks22
) (/usr/share/texlive/texmf-dist/tex/latex/tools/longtable.sty
Package: longtable 2023-11-01 v4.19 Multi-page Table package (DPC)
\LTleft=\skip55
\LTright=\skip56
\LTpre=\skip57
\LTpost=\skip58
\LTchunksize=\count285
\LTcapwidth=\dimen179
\LT@head=\box54
\LT@firsthead=\box55
\LT@foot=\box56
\LT@lastfoot=\box57
\LT@gbox=\box58
\LT@cols=\count286
\LT@rows=\count287
\c@LT@tables=\count288
\c@LT@chunks=\count289
\LT@p@ftn=\toks23
) (/usr/share/texlive/texmf-dist/tex/latex/graphics/graphicx.sty
Package: graphicx 2021/09/16 v1.2d Enhanced LaTeX Graphics (DPC,SPQR)
 (/usr/share/texlive/texmf-dist/tex/latex/graphics/graphics.sty
Package: graphics 2022/03/10 v1.4e Standard LaTeX Graphics (DPC,SPQR)
 (/usr/share/texlive/texmf-dist/tex/latex/graphics/trig.sty
Package: trig 2021/08/11 v1.11 sin cos tan (DPC)
) (/usr/share/texlive/texmf-dist/tex/latex/graphics-cfg/graphics.cfg
File: graphics.cfg 2016/06/04 v1.11 sample graphics configuration
)
Package graphics Info: Driver file: pdftex.def on input line 107.
 (/usr/share/texlive/texmf-dist/tex/latex/graphics-def/pdftex.def
File: pdftex.def 2022/09/22 v1.2b Graphics/color driver for pdftex
))
\Gin@req@height=\dimen180
\Gin@req@width=\dimen181
) (/usr/share/texlive/texmf-dist/tex/latex/xcolor/xcolor.sty
Package: xcolor 2023/11/15 v3.01 LaTeX color extensions (UK)
 (/usr/share/texlive/texmf-dist/tex/latex/graphics-cfg/color.cfg
File: color.cfg 2016/01/02 v1.6 sample color configuration
)
Package xcolor Info: Driver file: pdftex.def on input line 274.
 (/usr/share/texlive/texmf-dist/tex/latex/graphics/mathcolor.ltx)
Package xcolor Info: Model `cmy' substituted by `cmy0' on input line 1350.
Package xcolor Info: Model `hsb' substituted by `rgb' on input line 1354.
Package xcolor Info: Model `RGB' extended on input line 1366.
Package xcolor Info: Model `HTML' substituted by `rgb' on input line 1368.
Package xcolor Info: Model `Hsb' substituted by `hsb' on input line 1369.
Package xcolor Info: Model `tHsb' substituted by `hsb' on input line 1370.
Package xcolor Info: Model `HSB' substituted by `hsb' on input line 1371.
Package xcolor Info: Model `Gray' substituted by `gray' on input line 1372.
Package xcolor Info: Model `wave' substituted by `hsb' on input line 1373.
) (/usr/share/texlive/texmf-dist/tex/latex/float/float.sty
Package: float 2001/11/08 v1.3d Float enhancements (AL)
\c@float@type=\count290
\float@exts=\toks24
\float@box=\box59
\@float@everytoks=\toks25
\@floatcapt=\box60
) (/usr/share/texlive/texmf-dist/tex/latex/caption/caption.sty
Package: caption 2023/08/05 v3.6o Customizing captions (AR)
 (/usr/share/texlive/texmf-dist/tex/latex/caption/caption3.sty
Package: caption3 2023/07/31 v2.4d caption3 kernel (AR)
\caption@tempdima=\dimen182
\captionmargin=\dimen183
\caption@leftmargin=\dimen184
\caption@rightmargin=\dimen185
\caption@width=\dimen186
\caption@indent=\dimen187
\caption@parindent=\dimen188
\caption@hangindent=\dimen189
Package caption Info: Standard document class detected.
)
\c@caption@flags=\count291
\c@continuedfloat=\count292
Package caption Info: float package is loaded.
Package caption Info: hyperref package is loaded.
Package caption Info: longtable package is loaded.
 (/usr/share/texlive/texmf-dist/tex/latex/caption/ltcaption.sty
Package: ltcaption 2021/01/08 v1.4c longtable captions (AR)
)) (/usr/share/texlive/texmf-dist/tex/latex/caption/subcaption.sty
Package: subcaption 2023/07/28 v1.6b Sub-captions (AR)
Package caption Info: New subtype `subfigure' on input line 238.
\c@subfigure=\count293
Package caption Info: New subtype `subtable' on input line 238.
\c@subtable=\count294
) (/usr/share/texlive/texmf-dist/tex/latex/enumitem/enumitem.sty
Package: enumitem 2019/06/20 v3.9 Customized lists
\labelindent=\skip59
\enit@outerparindent=\dimen190
\enit@toks=\toks26
\enit@inbox=\box61
\enit@count@id=\count295
\enitdp@description=\count296
) (/usr/share/texlive/texmf-dist/tex/latex/psnfss/pifont.sty
Package: pifont 2020/03/25 PSNFSS-v9.3 Pi font support (SPQR) 
LaTeX Font Info:    Trying to load font information for U+pzd on input line 63.
 (/usr/share/texlive/texmf-dist/tex/latex/psnfss/upzd.fd
File: upzd.fd 2001/06/04 font definitions for U/pzd.
)
LaTeX Font Info:    Trying to load font information for U+psy on input line 64.
 (/usr/share/texlive/texmf-dist/tex/latex/psnfss/upsy.fd
File: upsy.fd 2001/06/04 font definitions for U/psy.
)) (/usr/share/texlive/texmf-dist/tex/latex/listings/listings.sty
\lst@mode=\count297
\lst@gtempboxa=\box62
\lst@token=\toks27
\lst@length=\count298
\lst@currlwidth=\dimen191
\lst@column=\count299
\lst@pos=\count300
\lst@lostspace=\dimen192
\lst@width=\dimen193
\lst@newlines=\count301
\lst@lineno=\count302
\lst@maxwidth=\dimen194
 (/usr/share/texlive/texmf-dist/tex/latex/listings/lstmisc.sty
File: lstmisc.sty 2023/02/27 1.9 (Carsten Heinz)
\c@lstnumber=\count303
\lst@skipnumbers=\count304
\lst@framebox=\box63
) (/usr/share/texlive/texmf-dist/tex/latex/listings/listings.cfg
File: listings.cfg 2023/02/27 1.9 listings configuration
))
Package: listings 2023/02/27 1.9 (Carsten Heinz)
 (/usr/share/texlive/texmf-dist/tex/latex/l3backend/l3backend-pdftex.def
File: l3backend-pdftex.def 2024-01-04 L3 backend support: PDF output (pdfTeX)
\l__color_backend_stack_int=\count305
\l__pdf_internal_box=\box64
) (./memoria.aux)
\openout1 = `memoria.aux'.

LaTeX Font Info:    Checking defaults for OML/cmm/m/it on input line 91.
LaTeX Font Info:    ... okay on input line 91.
LaTeX Font Info:    Checking defaults for OMS/cmsy/m/n on input line 91.
LaTeX Font Info:    ... okay on input line 91.
LaTeX Font Info:    Checking defaults for OT1/cmr/m/n on input line 91.
LaTeX Font Info:    ... okay on input line 91.
LaTeX Font Info:    Checking defaults for T1/cmr/m/n on input line 91.
LaTeX Font Info:    ... okay on input line 91.
LaTeX Font Info:    Checking defaults for TS1/cmr/m/n on input line 91.
LaTeX Font Info:    ... okay on input line 91.
LaTeX Font Info:    Checking defaults for OMX/cmex/m/n on input line 91.
LaTeX Font Info:    ... okay on input line 91.
LaTeX Font Info:    Checking defaults for U/cmr/m/n on input line 91.
LaTeX Font Info:    ... okay on input line 91.
LaTeX Font Info:    Checking defaults for PD1/pdf/m/n on input line 91.
LaTeX Font Info:    ... okay on input line 91.
LaTeX Font Info:    Checking defaults for PU/pdf/m/n on input line 91.
LaTeX Font Info:    ... okay on input line 91.

*geometry* driver: auto-detecting
*geometry* detected driver: pdftex
*geometry* verbose mode - [ preamble ] result:
* driver: pdftex
* paper: letterpaper
* layout: <same size as paper>
* layoutoffset:(h,v)=(0.0pt,0.0pt)
* modes: twoside 
* h-part:(L,W,R)=(85.35826pt, 443.57848pt, 85.35826pt)
* v-part:(T,H,B)=(56.9055pt, 681.15898pt, 56.9055pt)
* \paperwidth=614.295pt
* \paperheight=794.96999pt
* \textwidth=443.57848pt
* \textheight=681.15898pt
* \oddsidemargin=13.08827pt
* \evensidemargin=13.08827pt
* \topmargin=-47.23828pt
* \headheight=12.0pt
* \headsep=19.8738pt
* \topskip=12.0pt
* \footskip=30.0pt
* \marginparwidth=49.79231pt
* \marginparsep=7.0pt
* \columnsep=10.0pt
* \skip\footins=10.8pt plus 4.0pt minus 2.0pt
* \hoffset=0.0pt
* \voffset=0.0pt
* \mag=1000
* \@twocolumnfalse
* \@twosidetrue
* \@mparswitchtrue
* \@reversemarginfalse
* (1in=72.27pt=25.4mm, 1cm=28.453pt)

Package hyperref Info: Link coloring ON on input line 91.
(./memoria.out) (./memoria.out)
\@outlinefile=\write3
\openout3 = `memoria.out'.

 (/usr/share/texlive/texmf-dist/tex/context/base/mkii/supp-pdf.mkii
[Loading MPS to PDF converter (version 2006.09.02).]
\scratchcounter=\count306
\scratchdimen=\dimen195
\scratchbox=\box65
\nofMPsegments=\count307
\nofMParguments=\count308
\everyMPshowfont=\toks28
\MPscratchCnt=\count309
\MPscratchDim=\dimen196
\MPnumerator=\count310
\makeMPintoPDFobject=\count311
\everyMPtoPDFconversion=\toks29
) (/usr/share/texlive/texmf-dist/tex/latex/epstopdf-pkg/epstopdf-base.sty
Package: epstopdf-base 2020-01-24 v2.11 Base part for package epstopdf
Package epstopdf-base Info: Redefining graphics rule for `.eps' on input line 485.
 (/usr/share/texlive/texmf-dist/tex/latex/latexconfig/epstopdf-sys.cfg
File: epstopdf-sys.cfg 2010/07/13 v1.3 Configuration of (r)epstopdf for TeX Live
))
Package caption Info: Begin \AtBeginDocument code.
Package caption Info: listings package is loaded.
Package caption Info: End \AtBeginDocument code.
\c@lstlisting=\count312


pdfTeX warning: pdflatex (file ./assets/usc/logo_usc.pdf): PDF inclusion: found PDF version <1.7>, but at most version <1.5> allowed
<assets/usc/logo_usc.pdf, id=372, 589.20125pt x 382.42876pt>
File: assets/usc/logo_usc.pdf Graphic file (type pdf)
<use assets/usc/logo_usc.pdf>
Package pdftex.def Info: assets/usc/logo_usc.pdf  used on input line 99.
(pdftex.def)             Requested size: 142.26378pt x 92.33913pt.
LaTeX Font Info:    External font `cmex10' loaded for size
(Font)              <12> on input line 112.
LaTeX Font Info:    External font `cmex10' loaded for size
(Font)              <8> on input line 112.
LaTeX Font Info:    External font `cmex10' loaded for size
(Font)              <6> on input line 112.
[1

{/var/lib/texmf/fonts/map/pdftex/updmap/pdftex.map} <./assets/usc/logo_usc.pdf>] [2

] (./chapters/00-agradecementos.tex)

LaTeX Font Warning: Font shape `T1/cmr/m/n' in size <13.13947> not available
(Font)              size <12> substituted on input line 137.


LaTeX Font Warning: Font shape `T1/cmr/m/sc' in size <13.13947> not available
(Font)              size <12> substituted on input line 137.


Package hyperref Warning: Token not allowed in a PDF string (PDFDocEncoding):
(hyperref)                removing `\<let>-command' on input line 137.


Package hyperref Warning: Token not allowed in a PDF string (PDFDocEncoding):
(hyperref)                removing `\@tempdima' on input line 137.


Package hyperref Warning: Token not allowed in a PDF string (PDFDocEncoding):
(hyperref)                removing `\divide' on input line 137.


Package hyperref Warning: Token not allowed in a PDF string (PDFDocEncoding):
(hyperref)                removing `\@tempdima' on input line 137.


Package hyperref Warning: Token not allowed in a PDF string (PDFDocEncoding):
(hyperref)                removing `\multiply' on input line 137.


Package hyperref Warning: Token not allowed in a PDF string (PDFDocEncoding):
(hyperref)                removing `\@tempdima' on input line 137.


Package hyperref Warning: Token not allowed in a PDF string (PDFDocEncoding):
(hyperref)                removing `\<def>-command' on input line 137.


Package hyperref Warning: Token not allowed in a PDF string (PDFDocEncoding):
(hyperref)                removing `\f@size' on input line 137.


Package hyperref Warning: Token not allowed in a PDF string (PDFDocEncoding):
(hyperref)                removing `\hbox' on input line 137.


Package hyperref Warning: Token not allowed in a PDF string (PDFDocEncoding):
(hyperref)                removing `\<def>-command' on input line 137.


Package hyperref Warning: Token not allowed in a PDF string (PDFDocEncoding):
(hyperref)                removing `\tf@size' on input line 137.


Package hyperref Warning: Token not allowed in a PDF string (PDFDocEncoding):
(hyperref)                removing `\<def>-command' on input line 137.


Package hyperref Warning: Token not allowed in a PDF string (PDFDocEncoding):
(hyperref)                removing `\sf@size' on input line 137.


Package hyperref Warning: Token not allowed in a PDF string (PDFDocEncoding):
(hyperref)                removing `\<def>-command' on input line 137.


Package hyperref Warning: Token not allowed in a PDF string (PDFDocEncoding):
(hyperref)                removing `\ssf@size' on input line 137.


Package hyperref Warning: Token not allowed in a PDF string (PDFDocEncoding):
(hyperref)                removing `\<let>-command' on input line 137.

[1

]

Package hyperref Warning: Token not allowed in a PDF string (PDFDocEncoding):
(hyperref)                removing `\<let>-command' on input line 137.


Package hyperref Warning: Token not allowed in a PDF string (PDFDocEncoding):
(hyperref)                removing `\@tempdima' on input line 137.


Package hyperref Warning: Token not allowed in a PDF string (PDFDocEncoding):
(hyperref)                removing `\divide' on input line 137.


Package hyperref Warning: Token not allowed in a PDF string (PDFDocEncoding):
(hyperref)                removing `\@tempdima' on input line 137.


Package hyperref Warning: Token not allowed in a PDF string (PDFDocEncoding):
(hyperref)                removing `\multiply' on input line 137.


Package hyperref Warning: Token not allowed in a PDF string (PDFDocEncoding):
(hyperref)                removing `\@tempdima' on input line 137.


Package hyperref Warning: Token not allowed in a PDF string (PDFDocEncoding):
(hyperref)                removing `\<def>-command' on input line 137.


Package hyperref Warning: Token not allowed in a PDF string (PDFDocEncoding):
(hyperref)                removing `\f@size' on input line 137.


Package hyperref Warning: Token not allowed in a PDF string (PDFDocEncoding):
(hyperref)                removing `\hbox' on input line 137.


Package hyperref Warning: Token not allowed in a PDF string (PDFDocEncoding):
(hyperref)                removing `\<def>-command' on input line 137.


Package hyperref Warning: Token not allowed in a PDF string (PDFDocEncoding):
(hyperref)                removing `\tf@size' on input line 137.


Package hyperref Warning: Token not allowed in a PDF string (PDFDocEncoding):
(hyperref)                removing `\<def>-command' on input line 137.


Package hyperref Warning: Token not allowed in a PDF string (PDFDocEncoding):
(hyperref)                removing `\sf@size' on input line 137.


Package hyperref Warning: Token not allowed in a PDF string (PDFDocEncoding):
(hyperref)                removing `\<def>-command' on input line 137.


Package hyperref Warning: Token not allowed in a PDF string (PDFDocEncoding):
(hyperref)                removing `\ssf@size' on input line 137.


Package hyperref Warning: Token not allowed in a PDF string (PDFDocEncoding):
(hyperref)                removing `\<let>-command' on input line 137.

[2

] (./chapters/01-resumo.tex)

Package hyperref Warning: Token not allowed in a PDF string (PDFDocEncoding):
(hyperref)                removing `\<let>-command' on input line 139.


Package hyperref Warning: Token not allowed in a PDF string (PDFDocEncoding):
(hyperref)                removing `\@tempdima' on input line 139.


Package hyperref Warning: Token not allowed in a PDF string (PDFDocEncoding):
(hyperref)                removing `\divide' on input line 139.


Package hyperref Warning: Token not allowed in a PDF string (PDFDocEncoding):
(hyperref)                removing `\@tempdima' on input line 139.


Package hyperref Warning: Token not allowed in a PDF string (PDFDocEncoding):
(hyperref)                removing `\multiply' on input line 139.


Package hyperref Warning: Token not allowed in a PDF string (PDFDocEncoding):
(hyperref)                removing `\@tempdima' on input line 139.


Package hyperref Warning: Token not allowed in a PDF string (PDFDocEncoding):
(hyperref)                removing `\<def>-command' on input line 139.


Package hyperref Warning: Token not allowed in a PDF string (PDFDocEncoding):
(hyperref)                removing `\f@size' on input line 139.


Package hyperref Warning: Token not allowed in a PDF string (PDFDocEncoding):
(hyperref)                removing `\hbox' on input line 139.


Package hyperref Warning: Token not allowed in a PDF string (PDFDocEncoding):
(hyperref)                removing `\<def>-command' on input line 139.


Package hyperref Warning: Token not allowed in a PDF string (PDFDocEncoding):
(hyperref)                removing `\tf@size' on input line 139.


Package hyperref Warning: Token not allowed in a PDF string (PDFDocEncoding):
(hyperref)                removing `\<def>-command' on input line 139.


Package hyperref Warning: Token not allowed in a PDF string (PDFDocEncoding):
(hyperref)                removing `\sf@size' on input line 139.


Package hyperref Warning: Token not allowed in a PDF string (PDFDocEncoding):
(hyperref)                removing `\<def>-command' on input line 139.


Package hyperref Warning: Token not allowed in a PDF string (PDFDocEncoding):
(hyperref)                removing `\ssf@size' on input line 139.


Package hyperref Warning: Token not allowed in a PDF string (PDFDocEncoding):
(hyperref)                removing `\<let>-command' on input line 139.

[3

]

Package hyperref Warning: Token not allowed in a PDF string (PDFDocEncoding):
(hyperref)                removing `\<let>-command' on input line 139.


Package hyperref Warning: Token not allowed in a PDF string (PDFDocEncoding):
(hyperref)                removing `\@tempdima' on input line 139.


Package hyperref Warning: Token not allowed in a PDF string (PDFDocEncoding):
(hyperref)                removing `\divide' on input line 139.


Package hyperref Warning: Token not allowed in a PDF string (PDFDocEncoding):
(hyperref)                removing `\@tempdima' on input line 139.


Package hyperref Warning: Token not allowed in a PDF string (PDFDocEncoding):
(hyperref)                removing `\multiply' on input line 139.


Package hyperref Warning: Token not allowed in a PDF string (PDFDocEncoding):
(hyperref)                removing `\@tempdima' on input line 139.


Package hyperref Warning: Token not allowed in a PDF string (PDFDocEncoding):
(hyperref)                removing `\<def>-command' on input line 139.


Package hyperref Warning: Token not allowed in a PDF string (PDFDocEncoding):
(hyperref)                removing `\f@size' on input line 139.


Package hyperref Warning: Token not allowed in a PDF string (PDFDocEncoding):
(hyperref)                removing `\hbox' on input line 139.


Package hyperref Warning: Token not allowed in a PDF string (PDFDocEncoding):
(hyperref)                removing `\<def>-command' on input line 139.


Package hyperref Warning: Token not allowed in a PDF string (PDFDocEncoding):
(hyperref)                removing `\tf@size' on input line 139.


Package hyperref Warning: Token not allowed in a PDF string (PDFDocEncoding):
(hyperref)                removing `\<def>-command' on input line 139.


Package hyperref Warning: Token not allowed in a PDF string (PDFDocEncoding):
(hyperref)                removing `\sf@size' on input line 139.


Package hyperref Warning: Token not allowed in a PDF string (PDFDocEncoding):
(hyperref)                removing `\<def>-command' on input line 139.


Package hyperref Warning: Token not allowed in a PDF string (PDFDocEncoding):
(hyperref)                removing `\ssf@size' on input line 139.


Package hyperref Warning: Token not allowed in a PDF string (PDFDocEncoding):
(hyperref)                removing `\<let>-command' on input line 139.

[4

] (./memoria.toc

Package hyperref Warning: Token not allowed in a PDF string (PDFDocEncoding):
(hyperref)                removing `\<let>-command' on input line 38.


Package hyperref Warning: Token not allowed in a PDF string (PDFDocEncoding):
(hyperref)                removing `\@tempdima' on input line 38.


Package hyperref Warning: Token not allowed in a PDF string (PDFDocEncoding):
(hyperref)                removing `\divide' on input line 38.


Package hyperref Warning: Token not allowed in a PDF string (PDFDocEncoding):
(hyperref)                removing `\@tempdima' on input line 38.


Package hyperref Warning: Token not allowed in a PDF string (PDFDocEncoding):
(hyperref)                removing `\multiply' on input line 38.


Package hyperref Warning: Token not allowed in a PDF string (PDFDocEncoding):
(hyperref)                removing `\@tempdima' on input line 38.


Package hyperref Warning: Token not allowed in a PDF string (PDFDocEncoding):
(hyperref)                removing `\<def>-command' on input line 38.


Package hyperref Warning: Token not allowed in a PDF string (PDFDocEncoding):
(hyperref)                removing `\f@size' on input line 38.


Package hyperref Warning: Token not allowed in a PDF string (PDFDocEncoding):
(hyperref)                removing `\hbox' on input line 38.


Package hyperref Warning: Token not allowed in a PDF string (PDFDocEncoding):
(hyperref)                removing `\<def>-command' on input line 38.


Package hyperref Warning: Token not allowed in a PDF string (PDFDocEncoding):
(hyperref)                removing `\tf@size' on input line 38.


Package hyperref Warning: Token not allowed in a PDF string (PDFDocEncoding):
(hyperref)                removing `\<def>-command' on input line 38.


Package hyperref Warning: Token not allowed in a PDF string (PDFDocEncoding):
(hyperref)                removing `\sf@size' on input line 38.


Package hyperref Warning: Token not allowed in a PDF string (PDFDocEncoding):
(hyperref)                removing `\<def>-command' on input line 38.


Package hyperref Warning: Token not allowed in a PDF string (PDFDocEncoding):
(hyperref)                removing `\ssf@size' on input line 38.


Package hyperref Warning: Token not allowed in a PDF string (PDFDocEncoding):
(hyperref)                removing `\<let>-command' on input line 38.

[5

]

Package hyperref Warning: Token not allowed in a PDF string (PDFDocEncoding):
(hyperref)                removing `\<let>-command' on input line 79.


Package hyperref Warning: Token not allowed in a PDF string (PDFDocEncoding):
(hyperref)                removing `\@tempdima' on input line 79.


Package hyperref Warning: Token not allowed in a PDF string (PDFDocEncoding):
(hyperref)                removing `\divide' on input line 79.


Package hyperref Warning: Token not allowed in a PDF string (PDFDocEncoding):
(hyperref)                removing `\@tempdima' on input line 79.


Package hyperref Warning: Token not allowed in a PDF string (PDFDocEncoding):
(hyperref)                removing `\multiply' on input line 79.


Package hyperref Warning: Token not allowed in a PDF string (PDFDocEncoding):
(hyperref)                removing `\@tempdima' on input line 79.


Package hyperref Warning: Token not allowed in a PDF string (PDFDocEncoding):
(hyperref)                removing `\<def>-command' on input line 79.


Package hyperref Warning: Token not allowed in a PDF string (PDFDocEncoding):
(hyperref)                removing `\f@size' on input line 79.


Package hyperref Warning: Token not allowed in a PDF string (PDFDocEncoding):
(hyperref)                removing `\hbox' on input line 79.


Package hyperref Warning: Token not allowed in a PDF string (PDFDocEncoding):
(hyperref)                removing `\<def>-command' on input line 79.


Package hyperref Warning: Token not allowed in a PDF string (PDFDocEncoding):
(hyperref)                removing `\tf@size' on input line 79.


Package hyperref Warning: Token not allowed in a PDF string (PDFDocEncoding):
(hyperref)                removing `\<def>-command' on input line 79.


Package hyperref Warning: Token not allowed in a PDF string (PDFDocEncoding):
(hyperref)                removing `\sf@size' on input line 79.


Package hyperref Warning: Token not allowed in a PDF string (PDFDocEncoding):
(hyperref)                removing `\<def>-command' on input line 79.


Package hyperref Warning: Token not allowed in a PDF string (PDFDocEncoding):
(hyperref)                removing `\ssf@size' on input line 79.


Package hyperref Warning: Token not allowed in a PDF string (PDFDocEncoding):
(hyperref)                removing `\<let>-command' on input line 79.

[6])
\tf@toc=\write4
\openout4 = `memoria.toc'.



Package hyperref Warning: Token not allowed in a PDF string (PDFDocEncoding):
(hyperref)                removing `\<let>-command' on input line 142.


Package hyperref Warning: Token not allowed in a PDF string (PDFDocEncoding):
(hyperref)                removing `\@tempdima' on input line 142.


Package hyperref Warning: Token not allowed in a PDF string (PDFDocEncoding):
(hyperref)                removing `\divide' on input line 142.


Package hyperref Warning: Token not allowed in a PDF string (PDFDocEncoding):
(hyperref)                removing `\@tempdima' on input line 142.


Package hyperref Warning: Token not allowed in a PDF string (PDFDocEncoding):
(hyperref)                removing `\multiply' on input line 142.


Package hyperref Warning: Token not allowed in a PDF string (PDFDocEncoding):
(hyperref)                removing `\@tempdima' on input line 142.


Package hyperref Warning: Token not allowed in a PDF string (PDFDocEncoding):
(hyperref)                removing `\<def>-command' on input line 142.


Package hyperref Warning: Token not allowed in a PDF string (PDFDocEncoding):
(hyperref)                removing `\f@size' on input line 142.


Package hyperref Warning: Token not allowed in a PDF string (PDFDocEncoding):
(hyperref)                removing `\hbox' on input line 142.


Package hyperref Warning: Token not allowed in a PDF string (PDFDocEncoding):
(hyperref)                removing `\<def>-command' on input line 142.


Package hyperref Warning: Token not allowed in a PDF string (PDFDocEncoding):
(hyperref)                removing `\tf@size' on input line 142.


Package hyperref Warning: Token not allowed in a PDF string (PDFDocEncoding):
(hyperref)                removing `\<def>-command' on input line 142.


Package hyperref Warning: Token not allowed in a PDF string (PDFDocEncoding):
(hyperref)                removing `\sf@size' on input line 142.


Package hyperref Warning: Token not allowed in a PDF string (PDFDocEncoding):
(hyperref)                removing `\<def>-command' on input line 142.


Package hyperref Warning: Token not allowed in a PDF string (PDFDocEncoding):
(hyperref)                removing `\ssf@size' on input line 142.


Package hyperref Warning: Token not allowed in a PDF string (PDFDocEncoding):
(hyperref)                removing `\<let>-command' on input line 142.

[7]

Package hyperref Warning: Token not allowed in a PDF string (PDFDocEncoding):
(hyperref)                removing `\<let>-command' on input line 142.


Package hyperref Warning: Token not allowed in a PDF string (PDFDocEncoding):
(hyperref)                removing `\@tempdima' on input line 142.


Package hyperref Warning: Token not allowed in a PDF string (PDFDocEncoding):
(hyperref)                removing `\divide' on input line 142.


Package hyperref Warning: Token not allowed in a PDF string (PDFDocEncoding):
(hyperref)                removing `\@tempdima' on input line 142.


Package hyperref Warning: Token not allowed in a PDF string (PDFDocEncoding):
(hyperref)                removing `\multiply' on input line 142.


Package hyperref Warning: Token not allowed in a PDF string (PDFDocEncoding):
(hyperref)                removing `\@tempdima' on input line 142.


Package hyperref Warning: Token not allowed in a PDF string (PDFDocEncoding):
(hyperref)                removing `\<def>-command' on input line 142.


Package hyperref Warning: Token not allowed in a PDF string (PDFDocEncoding):
(hyperref)                removing `\f@size' on input line 142.


Package hyperref Warning: Token not allowed in a PDF string (PDFDocEncoding):
(hyperref)                removing `\hbox' on input line 142.


Package hyperref Warning: Token not allowed in a PDF string (PDFDocEncoding):
(hyperref)                removing `\<def>-command' on input line 142.


Package hyperref Warning: Token not allowed in a PDF string (PDFDocEncoding):
(hyperref)                removing `\tf@size' on input line 142.


Package hyperref Warning: Token not allowed in a PDF string (PDFDocEncoding):
(hyperref)                removing `\<def>-command' on input line 142.


Package hyperref Warning: Token not allowed in a PDF string (PDFDocEncoding):
(hyperref)                removing `\sf@size' on input line 142.


Package hyperref Warning: Token not allowed in a PDF string (PDFDocEncoding):
(hyperref)                removing `\<def>-command' on input line 142.


Package hyperref Warning: Token not allowed in a PDF string (PDFDocEncoding):
(hyperref)                removing `\ssf@size' on input line 142.


Package hyperref Warning: Token not allowed in a PDF string (PDFDocEncoding):
(hyperref)                removing `\<let>-command' on input line 142.

[8

] (./memoria.lof)
\tf@lof=\write5
\openout5 = `memoria.lof'.



Package hyperref Warning: Token not allowed in a PDF string (PDFDocEncoding):
(hyperref)                removing `\<let>-command' on input line 143.


Package hyperref Warning: Token not allowed in a PDF string (PDFDocEncoding):
(hyperref)                removing `\@tempdima' on input line 143.


Package hyperref Warning: Token not allowed in a PDF string (PDFDocEncoding):
(hyperref)                removing `\divide' on input line 143.


Package hyperref Warning: Token not allowed in a PDF string (PDFDocEncoding):
(hyperref)                removing `\@tempdima' on input line 143.


Package hyperref Warning: Token not allowed in a PDF string (PDFDocEncoding):
(hyperref)                removing `\multiply' on input line 143.


Package hyperref Warning: Token not allowed in a PDF string (PDFDocEncoding):
(hyperref)                removing `\@tempdima' on input line 143.


Package hyperref Warning: Token not allowed in a PDF string (PDFDocEncoding):
(hyperref)                removing `\<def>-command' on input line 143.


Package hyperref Warning: Token not allowed in a PDF string (PDFDocEncoding):
(hyperref)                removing `\f@size' on input line 143.


Package hyperref Warning: Token not allowed in a PDF string (PDFDocEncoding):
(hyperref)                removing `\hbox' on input line 143.


Package hyperref Warning: Token not allowed in a PDF string (PDFDocEncoding):
(hyperref)                removing `\<def>-command' on input line 143.


Package hyperref Warning: Token not allowed in a PDF string (PDFDocEncoding):
(hyperref)                removing `\tf@size' on input line 143.


Package hyperref Warning: Token not allowed in a PDF string (PDFDocEncoding):
(hyperref)                removing `\<def>-command' on input line 143.


Package hyperref Warning: Token not allowed in a PDF string (PDFDocEncoding):
(hyperref)                removing `\sf@size' on input line 143.


Package hyperref Warning: Token not allowed in a PDF string (PDFDocEncoding):
(hyperref)                removing `\<def>-command' on input line 143.


Package hyperref Warning: Token not allowed in a PDF string (PDFDocEncoding):
(hyperref)                removing `\ssf@size' on input line 143.


Package hyperref Warning: Token not allowed in a PDF string (PDFDocEncoding):
(hyperref)                removing `\<let>-command' on input line 143.

[9]

Package hyperref Warning: Token not allowed in a PDF string (PDFDocEncoding):
(hyperref)                removing `\<let>-command' on input line 143.


Package hyperref Warning: Token not allowed in a PDF string (PDFDocEncoding):
(hyperref)                removing `\@tempdima' on input line 143.


Package hyperref Warning: Token not allowed in a PDF string (PDFDocEncoding):
(hyperref)                removing `\divide' on input line 143.


Package hyperref Warning: Token not allowed in a PDF string (PDFDocEncoding):
(hyperref)                removing `\@tempdima' on input line 143.


Package hyperref Warning: Token not allowed in a PDF string (PDFDocEncoding):
(hyperref)                removing `\multiply' on input line 143.


Package hyperref Warning: Token not allowed in a PDF string (PDFDocEncoding):
(hyperref)                removing `\@tempdima' on input line 143.


Package hyperref Warning: Token not allowed in a PDF string (PDFDocEncoding):
(hyperref)                removing `\<def>-command' on input line 143.


Package hyperref Warning: Token not allowed in a PDF string (PDFDocEncoding):
(hyperref)                removing `\f@size' on input line 143.


Package hyperref Warning: Token not allowed in a PDF string (PDFDocEncoding):
(hyperref)                removing `\hbox' on input line 143.


Package hyperref Warning: Token not allowed in a PDF string (PDFDocEncoding):
(hyperref)                removing `\<def>-command' on input line 143.


Package hyperref Warning: Token not allowed in a PDF string (PDFDocEncoding):
(hyperref)                removing `\tf@size' on input line 143.


Package hyperref Warning: Token not allowed in a PDF string (PDFDocEncoding):
(hyperref)                removing `\<def>-command' on input line 143.


Package hyperref Warning: Token not allowed in a PDF string (PDFDocEncoding):
(hyperref)                removing `\sf@size' on input line 143.


Package hyperref Warning: Token not allowed in a PDF string (PDFDocEncoding):
(hyperref)                removing `\<def>-command' on input line 143.


Package hyperref Warning: Token not allowed in a PDF string (PDFDocEncoding):
(hyperref)                removing `\ssf@size' on input line 143.


Package hyperref Warning: Token not allowed in a PDF string (PDFDocEncoding):
(hyperref)                removing `\<let>-command' on input line 143.

[10

] (./memoria.lot)
\tf@lot=\write6
\openout6 = `memoria.lot'.



Package hyperref Warning: Token not allowed in a PDF string (PDFDocEncoding):
(hyperref)                removing `\<let>-command' on input line 146.


Package hyperref Warning: Token not allowed in a PDF string (PDFDocEncoding):
(hyperref)                removing `\@tempdima' on input line 146.


Package hyperref Warning: Token not allowed in a PDF string (PDFDocEncoding):
(hyperref)                removing `\divide' on input line 146.


Package hyperref Warning: Token not allowed in a PDF string (PDFDocEncoding):
(hyperref)                removing `\@tempdima' on input line 146.


Package hyperref Warning: Token not allowed in a PDF string (PDFDocEncoding):
(hyperref)                removing `\multiply' on input line 146.


Package hyperref Warning: Token not allowed in a PDF string (PDFDocEncoding):
(hyperref)                removing `\@tempdima' on input line 146.


Package hyperref Warning: Token not allowed in a PDF string (PDFDocEncoding):
(hyperref)                removing `\<def>-command' on input line 146.


Package hyperref Warning: Token not allowed in a PDF string (PDFDocEncoding):
(hyperref)                removing `\f@size' on input line 146.


Package hyperref Warning: Token not allowed in a PDF string (PDFDocEncoding):
(hyperref)                removing `\hbox' on input line 146.


Package hyperref Warning: Token not allowed in a PDF string (PDFDocEncoding):
(hyperref)                removing `\<def>-command' on input line 146.


Package hyperref Warning: Token not allowed in a PDF string (PDFDocEncoding):
(hyperref)                removing `\tf@size' on input line 146.


Package hyperref Warning: Token not allowed in a PDF string (PDFDocEncoding):
(hyperref)                removing `\<def>-command' on input line 146.


Package hyperref Warning: Token not allowed in a PDF string (PDFDocEncoding):
(hyperref)                removing `\sf@size' on input line 146.


Package hyperref Warning: Token not allowed in a PDF string (PDFDocEncoding):
(hyperref)                removing `\<def>-command' on input line 146.


Package hyperref Warning: Token not allowed in a PDF string (PDFDocEncoding):
(hyperref)                removing `\ssf@size' on input line 146.


Package hyperref Warning: Token not allowed in a PDF string (PDFDocEncoding):
(hyperref)                removing `\<let>-command' on input line 146.

[11]

Package hyperref Warning: Token not allowed in a PDF string (PDFDocEncoding):
(hyperref)                removing `\<let>-command' on input line 146.


Package hyperref Warning: Token not allowed in a PDF string (PDFDocEncoding):
(hyperref)                removing `\@tempdima' on input line 146.


Package hyperref Warning: Token not allowed in a PDF string (PDFDocEncoding):
(hyperref)                removing `\divide' on input line 146.


Package hyperref Warning: Token not allowed in a PDF string (PDFDocEncoding):
(hyperref)                removing `\@tempdima' on input line 146.


Package hyperref Warning: Token not allowed in a PDF string (PDFDocEncoding):
(hyperref)                removing `\multiply' on input line 146.


Package hyperref Warning: Token not allowed in a PDF string (PDFDocEncoding):
(hyperref)                removing `\@tempdima' on input line 146.


Package hyperref Warning: Token not allowed in a PDF string (PDFDocEncoding):
(hyperref)                removing `\<def>-command' on input line 146.


Package hyperref Warning: Token not allowed in a PDF string (PDFDocEncoding):
(hyperref)                removing `\f@size' on input line 146.


Package hyperref Warning: Token not allowed in a PDF string (PDFDocEncoding):
(hyperref)                removing `\hbox' on input line 146.


Package hyperref Warning: Token not allowed in a PDF string (PDFDocEncoding):
(hyperref)                removing `\<def>-command' on input line 146.


Package hyperref Warning: Token not allowed in a PDF string (PDFDocEncoding):
(hyperref)                removing `\tf@size' on input line 146.


Package hyperref Warning: Token not allowed in a PDF string (PDFDocEncoding):
(hyperref)                removing `\<def>-command' on input line 146.


Package hyperref Warning: Token not allowed in a PDF string (PDFDocEncoding):
(hyperref)                removing `\sf@size' on input line 146.


Package hyperref Warning: Token not allowed in a PDF string (PDFDocEncoding):
(hyperref)                removing `\<def>-command' on input line 146.


Package hyperref Warning: Token not allowed in a PDF string (PDFDocEncoding):
(hyperref)                removing `\ssf@size' on input line 146.


Package hyperref Warning: Token not allowed in a PDF string (PDFDocEncoding):
(hyperref)                removing `\<let>-command' on input line 146.

[12

] (./chapters/02-introducion.tex
Cap\'{\i }tulo 1.

pdfTeX warning (ext4): destination with the same identifier (name{page.1}) has been already used, duplicate ignored
<to be read again> 
                   \relax 
l.43 
      [1

]
pdfTeX warning (ext4): destination with the same identifier (name{page.2}) has been already used, duplicate ignored
<to be read again> 
                   \relax 
l.92   \item \textbf
                    {Wanderlog e TravelPerk}~\cite{wanderlog,travelperk}: so... [2]
Overfull \hbox (36.33136pt too wide) in paragraph at lines 110--122
 [][] 
 []

[3]
Underfull \hbox (badness 1087) in paragraph at lines 197--197
[]|\T1/cmr/m/n/12 Arquitectura do sis-te-ma, di-vi-sión en com-po-
 []


Overfull \hbox (17.62482pt too wide) in paragraph at lines 197--198
[][] 
 []


Underfull \vbox (badness 10000) has occurred while \output is active []

 [4]
Underfull \vbox (badness 1173) has occurred while \output is active []

 [5]
Overfull \hbox (4.77434pt too wide) in paragraph at lines 239--242
[]\T1/cmr/m/n/12 Os do-cu-men-tos com-par-ti-dos al-ma-cé-nan-se nun ser-vi-zo com-pa-ti-ble co pro-to-co-lo S3 [[]].
 []

) (./chapters/03-requisitos.tex [6] [7] [8

]
Cap\'{\i }tulo 2.

Overfull \hbox (17.62482pt too wide) in paragraph at lines 46--47
[][] 
 []

[9]
Overfull \hbox (17.62482pt too wide) in paragraph at lines 91--92
[][] 
 []

[10]
Underfull \hbox (badness 10000) in paragraph at lines 112--112
[]|\T1/cmr/m/n/12 Rexistro de
 []


Underfull \hbox (badness 10000) in paragraph at lines 120--120
[]|\T1/cmr/m/n/12 Documentos
 []


Underfull \hbox (badness 1424) in paragraph at lines 124--124
[]|\T1/cmr/m/n/12 Funcionalidade com-ple-men-ta-ria que per-mi-te
 []


Underfull \hbox (badness 10000) in paragraph at lines 125--125
[]|\T1/cmr/m/n/12 Eliminación de
 []


Underfull \hbox (badness 4846) in paragraph at lines 128--128
[]|\T1/cmr/m/n/12 Preferencias da
 []

[11]

pdfTeX warning: pdflatex (file ./diagrams/casos-uso.pdf): PDF inclusion: found PDF version <2.0>, but at most version <1.5> allowed
<diagrams/casos-uso.pdf, id=693, 561.59813pt x 1158.3275pt>
File: diagrams/casos-uso.pdf Graphic file (type pdf)
<use diagrams/casos-uso.pdf>
Package pdftex.def Info: diagrams/casos-uso.pdf  used on input line 143.
(pdftex.def)             Requested size: 230.66269pt x 475.74806pt.

Underfull \vbox (badness 1454) has occurred while \output is active []

 [12] [13 <./diagrams/casos-uso.pdf>] [14] [15] [16] [17]
LaTeX Font Info:    Trying to load font information for T1+cmtt on input line 353.
 (/usr/share/texlive/texmf-dist/tex/latex/base/t1cmtt.fd
File: t1cmtt.fd 2023/04/13 v2.5m Standard LaTeX font definitions
) [18]) (./chapters/04-deseno.tex [19] [20

]
Cap\'{\i }tulo 3.


pdfTeX warning: pdflatex (file ./diagrams/arquitectura.pdf): PDF inclusion: found PDF version <2.0>, but at most version <1.5> allowed
<diagrams/arquitectura.pdf, id=748, 472.76625pt x 414.54875pt>
File: diagrams/arquitectura.pdf Graphic file (type pdf)
<use diagrams/arquitectura.pdf>
Package pdftex.def Info: diagrams/arquitectura.pdf  used on input line 19.
(pdftex.def)             Requested size: 319.37703pt x 280.05502pt.

Underfull \vbox (badness 10000) has occurred while \output is active []

 [21]

pdfTeX warning: pdflatex (file ./diagrams/backend-componentes.pdf): PDF inclusion: found PDF version <2.0>, but at most version <1.5> allowed
<diagrams/backend-componentes.pdf, id=754, 732.67728pt x 619.0628pt>
File: diagrams/backend-componentes.pdf Graphic file (type pdf)
<use diagrams/backend-componentes.pdf>
Package pdftex.def Info: diagrams/backend-componentes.pdf  used on input line 46.
(pdftex.def)             Requested size: 377.0444pt x 318.58003pt.

Underfull \vbox (badness 10000) has occurred while \output is active []

 [22 <./diagrams/arquitectura.pdf>]

pdfTeX warning: pdflatex (file ./diagrams/modelo-datos.pdf): PDF inclusion: found PDF version <2.0>, but at most version <1.5> allowed
<diagrams/modelo-datos.pdf, id=772, 987.13795pt x 735.54799pt>
File: diagrams/modelo-datos.pdf Graphic file (type pdf)
<use diagrams/modelo-datos.pdf>
Package pdftex.def Info: diagrams/modelo-datos.pdf  used on input line 81.
(pdftex.def)             Requested size: 443.57848pt x 330.52214pt.
[23 <./diagrams/backend-componentes.pdf>]
Overfull \hbox (16.98952pt too wide) in paragraph at lines 102--106
\T1/cmr/m/n/12 tru-tu-ra (via-xe, usua-rio e mar-ca tem-po-ral) a tra-vés da su-per-cla-se \T1/cmtt/m/n/12 PendingMembership\T1/cmr/m/n/12 ,
 []

[24 <./diagrams/modelo-datos.pdf>] [25]

pdfTeX warning: pdflatex (file ./diagrams/frontend-arquitectura.pdf): PDF inclusion: found PDF version <2.0>, but at most version <1.5> allowed
<diagrams/frontend-arquitectura.pdf, id=833, 961.5925pt x 444.15938pt>
File: diagrams/frontend-arquitectura.pdf Graphic file (type pdf)
<use diagrams/frontend-arquitectura.pdf>
Package pdftex.def Info: diagrams/frontend-arquitectura.pdf  used on input line 166.
(pdftex.def)             Requested size: 443.57848pt x 204.89186pt.


pdfTeX warning: pdflatex (file ./diagrams/navegacion.pdf): PDF inclusion: found PDF version <2.0>, but at most version <1.5> allowed
<diagrams/navegacion.pdf, id=836, 512.3441pt x 852.03316pt>
File: diagrams/navegacion.pdf Graphic file (type pdf)
<use diagrams/navegacion.pdf>
Package pdftex.def Info: diagrams/navegacion.pdf  used on input line 189.
(pdftex.def)             Requested size: 243.96951pt x 405.73402pt.

Underfull \vbox (badness 10000) has occurred while \output is active []

 [26 <./diagrams/frontend-arquitectura.pdf>]
Underfull \vbox (badness 3482) has occurred while \output is active []

 [27 <./diagrams/navegacion.pdf>]
<screenshots/calendar.jpeg, id=897, 1084.05pt x 2413.015pt>
File: screenshots/calendar.jpeg Graphic file (type jpg)
<use screenshots/calendar.jpeg>
Package pdftex.def Info: screenshots/calendar.jpeg  used on input line 238.
(pdftex.def)             Requested size: 199.60895pt x 444.30208pt.

Underfull \vbox (badness 10000) has occurred while \output is active []

 [28] [29 <./screenshots/calendar.jpeg>]
<screenshots/balances-light.jpeg, id=909, 1084.05pt x 2413.015pt>
File: screenshots/balances-light.jpeg Graphic file (type jpg)
<use screenshots/balances-light.jpeg>
Package pdftex.def Info: screenshots/balances-light.jpeg  used on input line 286.
(pdftex.def)             Requested size: 140.60062pt x 312.9803pt.
<screenshots/balances-dark.jpeg, id=910, 1084.05pt x 2413.015pt>
File: screenshots/balances-dark.jpeg Graphic file (type jpg)
<use screenshots/balances-dark.jpeg>
Package pdftex.def Info: screenshots/balances-dark.jpeg  used on input line 289.
(pdftex.def)             Requested size: 140.60062pt x 312.9803pt.

Underfull \vbox (badness 10000) has occurred while \output is active []

 [30]
Underfull \vbox (badness 10000) has occurred while \output is active []

 [31 <./screenshots/balances-light.jpeg> <./screenshots/balances-dark.jpeg>]
Overfull \vbox (4.01706pt too high) has occurred while \output is active []

 [32]

pdfTeX warning: pdflatex (file ./diagrams/seq-auth.pdf): PDF inclusion: found PDF version <2.0>, but at most version <1.5> allowed
<diagrams/seq-auth.pdf, id=932, 593.77835pt x 644.70862pt>
File: diagrams/seq-auth.pdf Graphic file (type pdf)
<use diagrams/seq-auth.pdf>
Package pdftex.def Info: diagrams/seq-auth.pdf  used on input line 371.
(pdftex.def)             Requested size: 310.50357pt x 337.14903pt.


pdfTeX warning: pdflatex (file ./diagrams/seq-chat-sse.pdf): PDF inclusion: found PDF version <2.0>, but at most version <1.5> allowed
<diagrams/seq-chat-sse.pdf, id=934, 627.49434pt x 354.27357pt>
File: diagrams/seq-chat-sse.pdf Graphic file (type pdf)
<use diagrams/seq-chat-sse.pdf>
Package pdftex.def Info: diagrams/seq-chat-sse.pdf  used on input line 384.
(pdftex.def)             Requested size: 354.86412pt x 200.35413pt.

Underfull \vbox (badness 10000) has occurred while \output is active []

 [33 <./diagrams/seq-auth.pdf>]

pdfTeX warning: pdflatex (file ./diagrams/seq-upload.pdf): PDF inclusion: found PDF version <2.0>, but at most version <1.5> allowed
<diagrams/seq-upload.pdf, id=962, 771.74321pt x 464.13399pt>
File: diagrams/seq-upload.pdf Graphic file (type pdf)
<use diagrams/seq-upload.pdf>
Package pdftex.def Info: diagrams/seq-upload.pdf  used on input line 398.
(pdftex.def)             Requested size: 399.21791pt x 240.09753pt.
[34 <./diagrams/seq-chat-sse.pdf> <./diagrams/seq-upload.pdf>]

pdfTeX warning: pdflatex (file ./diagrams/seq-ia.pdf): PDF inclusion: found PDF version <2.0>, but at most version <1.5> allowed
<diagrams/seq-ia.pdf, id=1010, 704.8433pt x 439.04024pt>
File: diagrams/seq-ia.pdf Graphic file (type pdf)
<use diagrams/seq-ia.pdf>
Package pdftex.def Info: diagrams/seq-ia.pdf  used on input line 412.
(pdftex.def)             Requested size: 377.0444pt x 234.86076pt.

Overfull \hbox (1.23347pt too wide) in paragraph at lines 432--434
[]\T1/cmr/bx/n/12 Contrasinais pro-te-xi-dos. \T1/cmr/m/n/12 Os con-tra-si-nais al-ma-cé-nan-se ci-fra-dos con BCrypt [[]]. 
 []

[35 <./diagrams/seq-ia.pdf>]) (./chapters/05-probas.tex [36]
Cap\'{\i }tulo 4.
[37

] [38]
Underfull \vbox (badness 10000) has occurred while \output is active []

 [39] [40] [41]) (./chapters/06-conclusions.tex [42]
Cap\'{\i }tulo 5.

Underfull \vbox (badness 10000) has occurred while \output is active []

 [43

]) (./appendices/A-manual-tecnico.tex [44]
Ap\'endice A.

Overfull \hbox (34.97127pt too wide) in paragraph at lines 25--28
[]\T1/cmr/m/n/12 Os ser-vi-zos au-xi-lia-res (Post-greSQL, Mi-nIO e Olla-ma) de-fí-nen-se en \T1/cmtt/m/n/12 backend/compose.yaml\T1/cmr/m/n/12 .
 []

(/usr/share/texlive/texmf-dist/tex/latex/listings/lstlang1.sty
File: lstlang1.sty 2023/02/27 1.9 listings language file
) (/usr/share/texlive/texmf-dist/tex/latex/listings/lstlang1.sty
File: lstlang1.sty 2023/02/27 1.9 listings language file
)
LaTeX Font Info:    Font shape `T1/cmtt/bx/n' in size <10> not available
(Font)              Font shape `T1/cmtt/m/n' tried instead on input line 30.
 [45

]
Overfull \hbox (18.22137pt too wide) in paragraph at lines 51--55
\T1/cmr/m/n/12 JWT, Mi-nIO e ta-re-fas pro-gra-ma-das) ató-pa-se en \T1/cmtt/m/n/12 src/main/resources/application.yaml\T1/cmr/m/n/12 .
 []


Overfull \hbox (68.1218pt too wide) in paragraph at lines 64--68
\T1/cmr/m/n/12 A di-rec-ción do bac-kend con-fi-gú-ra-se na cons-tan-te \T1/cmtt/m/n/12 BASE_URL \T1/cmr/m/n/12 de \T1/cmtt/m/n/12 frontend/constants/constants.tsx\T1/cmr/m/n/12 ,
 []


Overfull \hbox (133.571pt too wide) in paragraph at lines 99--102
\T1/cmr/m/n/12 Ao re-ma-tar, o in-for-me de co-ber-tu-ra Ja-Co-Co xé-ra-se en \T1/cmtt/m/n/12 backend/build/reports/jacoco/test/html/index.html\T1/cmr/m/n/12 .
 []

[46]) (./appendices/B-manual-usuario.tex [47] [48

]
Ap\'endice B.
<screenshots/login.jpeg, id=1140, 1084.05pt x 2413.015pt>
File: screenshots/login.jpeg Graphic file (type jpg)
<use screenshots/login.jpeg>
Package pdftex.def Info: screenshots/login.jpeg  used on input line 25.
(pdftex.def)             Requested size: 199.60895pt x 444.30208pt.
<screenshots/register.jpeg, id=1141, 1084.05pt x 2413.015pt>
File: screenshots/register.jpeg Graphic file (type jpg)
<use screenshots/register.jpeg>
Package pdftex.def Info: screenshots/register.jpeg  used on input line 31.
(pdftex.def)             Requested size: 199.60895pt x 444.30208pt.

Underfull \vbox (badness 10000) has occurred while \output is active []

 [49]
<screenshots/main.jpeg, id=1146, 1084.05pt x 2413.015pt>
File: screenshots/main.jpeg Graphic file (type jpg)
<use screenshots/main.jpeg>
Package pdftex.def Info: screenshots/main.jpeg  used on input line 45.
(pdftex.def)             Requested size: 199.60895pt x 444.30208pt.

Underfull \vbox (badness 10000) has occurred while \output is active []

 [50 <./screenshots/login.jpeg> <./screenshots/register.jpeg>]
<screenshots/createTrip.jpeg, id=1151, 1084.05pt x 2413.015pt>
File: screenshots/createTrip.jpeg Graphic file (type jpg)
<use screenshots/createTrip.jpeg>
Package pdftex.def Info: screenshots/createTrip.jpeg  used on input line 56.
(pdftex.def)             Requested size: 199.60895pt x 444.30208pt.

Underfull \vbox (badness 10000) has occurred while \output is active []

 [51 <./screenshots/main.jpeg>]
<screenshots/members.jpeg, id=1156, 1084.05pt x 2413.015pt>
File: screenshots/members.jpeg Graphic file (type jpg)
<use screenshots/members.jpeg>
Package pdftex.def Info: screenshots/members.jpeg  used on input line 67.
(pdftex.def)             Requested size: 199.60895pt x 444.30208pt.

Underfull \vbox (badness 10000) has occurred while \output is active []

 [52 <./screenshots/createTrip.jpeg>]
<screenshots/expenses.jpeg, id=1161, 1084.05pt x 2413.015pt>
File: screenshots/expenses.jpeg Graphic file (type jpg)
<use screenshots/expenses.jpeg>
Package pdftex.def Info: screenshots/expenses.jpeg  used on input line 85.
(pdftex.def)             Requested size: 199.60895pt x 444.30208pt.
File: screenshots/balances-light.jpeg Graphic file (type jpg)
<use screenshots/balances-light.jpeg>
Package pdftex.def Info: screenshots/balances-light.jpeg  used on input line 91.
(pdftex.def)             Requested size: 199.60895pt x 444.30208pt.

Underfull \vbox (badness 10000) has occurred while \output is active []

 [53 <./screenshots/members.jpeg>]
File: screenshots/calendar.jpeg Graphic file (type jpg)
<use screenshots/calendar.jpeg>
Package pdftex.def Info: screenshots/calendar.jpeg  used on input line 106.
(pdftex.def)             Requested size: 199.60895pt x 444.30208pt.

Underfull \vbox (badness 10000) has occurred while \output is active []

 [54 <./screenshots/expenses.jpeg>]
<screenshots/sharedDocuments.jpeg, id=1171, 1084.05pt x 2413.015pt>
File: screenshots/sharedDocuments.jpeg Graphic file (type jpg)
<use screenshots/sharedDocuments.jpeg>
Package pdftex.def Info: screenshots/sharedDocuments.jpeg  used on input line 119.
(pdftex.def)             Requested size: 199.60895pt x 444.30208pt.

Underfull \vbox (badness 10000) has occurred while \output is active []

 [55]
<screenshots/groupChat.jpeg, id=1177, 1084.05pt x 2413.015pt>
File: screenshots/groupChat.jpeg Graphic file (type jpg)
<use screenshots/groupChat.jpeg>
Package pdftex.def Info: screenshots/groupChat.jpeg  used on input line 131.
(pdftex.def)             Requested size: 199.60895pt x 444.30208pt.

Underfull \vbox (badness 10000) has occurred while \output is active []

 [56 <./screenshots/sharedDocuments.jpeg>]
<screenshots/aiChat.jpeg, id=1182, 1084.05pt x 2413.015pt>
File: screenshots/aiChat.jpeg Graphic file (type jpg)
<use screenshots/aiChat.jpeg>
Package pdftex.def Info: screenshots/aiChat.jpeg  used on input line 142.
(pdftex.def)             Requested size: 199.60895pt x 444.30208pt.

Underfull \vbox (badness 10000) has occurred while \output is active []

 [57 <./screenshots/groupChat.jpeg>]
<screenshots/friends.jpeg, id=1187, 1084.05pt x 2413.015pt>
File: screenshots/friends.jpeg Graphic file (type jpg)
<use screenshots/friends.jpeg>
Package pdftex.def Info: screenshots/friends.jpeg  used on input line 154.
(pdftex.def)             Requested size: 199.60895pt x 444.30208pt.

Underfull \vbox (badness 10000) has occurred while \output is active []

 [58 <./screenshots/aiChat.jpeg>]
<screenshots/invitations.jpeg, id=1192, 1084.05pt x 2413.015pt>
File: screenshots/invitations.jpeg Graphic file (type jpg)
<use screenshots/invitations.jpeg>
Package pdftex.def Info: screenshots/invitations.jpeg  used on input line 164.
(pdftex.def)             Requested size: 199.60895pt x 444.30208pt.

Underfull \vbox (badness 10000) has occurred while \output is active []


Overfull \hbox (57.63892pt too wide) has occurred while \output is active
 \T1/cmr/m/sl/12 B.12.  CAIXA DE ENTRADA DE INVITACIÓNS A VIAXES E SOLICITUDES DE AMIZADE \T1/cmr/m/n/12 59
 []

[59 <./screenshots/friends.jpeg>]
<screenshots/profile.jpeg, id=1198, 1084.05pt x 2928.9425pt>
File: screenshots/profile.jpeg Graphic file (type jpg)
<use screenshots/profile.jpeg>
Package pdftex.def Info: screenshots/profile.jpeg  used on input line 177.
(pdftex.def)             Requested size: 199.60895pt x 539.29845pt.

Underfull \vbox (badness 10000) has occurred while \output is active []

 [60 <./screenshots/invitations.jpeg>]
<screenshots/settings.jpeg, id=1203, 1084.05pt x 2707.11375pt>
File: screenshots/settings.jpeg Graphic file (type jpg)
<use screenshots/settings.jpeg>
Package pdftex.def Info: screenshots/settings.jpeg  used on input line 187.
(pdftex.def)             Requested size: 199.60895pt x 498.4537pt.

Underfull \vbox (badness 7308) has occurred while \output is active []

 [61 <./screenshots/profile.jpeg>]
Underfull \vbox (badness 1033) has occurred while \output is active []

 [62 <./screenshots/settings.jpeg>] [63] [64]) (./appendices/C-licenza.tex [65] [66

]
Ap\'endice C.
) [67] [68

] (./chapters/07-bibliografia.tex
Underfull \hbox (badness 10000) in paragraph at lines 30--31
[]\T1/cmr/m/n/12 AtomicJar / Doc-ker, Inc. \T1/cmr/m/it/12 Test-con-tai-ners for Ja-va\T1/cmr/m/n/12 . [][]$\T1/cmtt/m/n/12 https : / / java .
 []

[69

]) [70] (./memoria.aux)
 ***********
LaTeX2e <2023-11-01> patch level 1
L3 programming layer <2024-01-22>
 ***********


LaTeX Font Warning: Size substitutions with differences
(Font)              up to 1.13947pt have occurred.

Package rerunfilecheck Info: File `memoria.out' has not changed.
(rerunfilecheck)             Checksum: D1C8D0DA4E994A7FD02003B3D0593806;17221.
 ) 
Here is how much of TeX's memory you used:
 15877 strings out of 476120
 252704 string characters out of 5793657
 2009975 words of memory out of 5000000
 37395 multiletter control sequences out of 15000+600000
 575501 words of font info for 68 fonts, out of 8000000 for 9000
 40 hyphenation exceptions out of 8191
 75i,20n,79p,526b,1278s stack positions out of 10000i,1000n,20000p,200000b,200000s
 </home/jorge/.texlive2023/texmf-var/fonts/pk/ljfour/jknappen/ec/ecit1000.600pk> </home/jorge/.texlive2023/texmf-var/fonts/pk/ljfour/jknappen/ec/ectt1000.600pk> </home/jorge/.texlive2023/texmf-var/fonts/pk/ljfour/jknappen/ec/ecbi1200.600pk> </home/jorge/.texlive2023/texmf-var/fonts/pk/ljfour/jknappen/ec/ecbi1440.600pk> </home/jorge/.texlive2023/texmf-var/fonts/pk/ljfour/jknappen/ec/ecrm1095.600pk> </home/jorge/.texlive2023/texmf-var/fonts/pk/ljfour/jknappen/ec/ectt0800.600pk> </home/jorge/.texlive2023/texmf-var/fonts/pk/ljfour/jknappen/ec/ectt1200.600pk> </home/jorge/.texlive2023/texmf-var/fonts/pk/ljfour/jknappen/ec/ecsl1200.600pk> </home/jorge/.texlive2023/texmf-var/fonts/pk/ljfour/jknappen/ec/ecti1200.600pk> </home/jorge/.texlive2023/texmf-var/fonts/pk/ljfour/jknappen/ec/ecbx1200.600pk> </home/jorge/.texlive2023/texmf-var/fonts/pk/ljfour/jknappen/ec/eccc1200.600pk> </home/jorge/.texlive2023/texmf-var/fonts/pk/ljfour/jknappen/ec/ecbx2488.600pk> </home/jorge/.texlive2023/texmf-var/fonts/pk/ljfour/jknappen/ec/ecrm1200.600pk> </home/jorge/.texlive2023/texmf-var/fonts/pk/ljfour/jknappen/ec/ecti1728.600pk> </home/jorge/.texlive2023/texmf-var/fonts/pk/ljfour/jknappen/ec/ecbx2074.600pk> </home/jorge/.texlive2023/texmf-var/fonts/pk/ljfour/jknappen/ec/ecbx1440.600pk> </home/jorge/.texlive2023/texmf-var/fonts/pk/ljfour/jknappen/ec/ecbx1728.600pk></usr/share/texlive/texmf-dist/fonts/type1/public/amsfonts/cm/cmsy10.pfb></usr/share/texlive/texmf-dist/fonts/type1/urw/zapfding/uzdr.pfb>
Output written on memoria.pdf (84 pages, 4712793 bytes).
PDF statistics:
 2056 PDF objects out of 2073 (max. 8388607)
 1255 compressed objects within 13 object streams
 263 named destinations out of 1000 (max. 500000)
 872 words of extra memory for PDF output out of 10000 (max. 10000000)

